2022-02-22T11:14:36+00:00 CRITICAL Uncaught Error: Call to a member function get_price_html() on bool in /home/customer/www/vr-expert-rental.com/public_html/wp-content/themes/vr-expert/template-popup-model.php:217
Stack trace:
#0 /home/customer/www/vr-expert-rental.com/public_html/wp-includes/template.php(772): require()
#1 /home/customer/www/vr-expert-rental.com/public_html/wp-includes/template.php(716): load_template('/home/customer/...', false, Array)
#2 /home/customer/www/vr-expert-rental.com/public_html/wp-includes/general-template.php(204): locate_template(Array, true, false, Array)
#3 /home/customer/www/vr-expert-rental.com/public_html/wp-content/themes/vr-expert/functions.php(1594): get_template_part('template', 'popup-model', Array)
#4 /home/customer/www/vr-expert-rental.com/public_html/wp-includes/class-wp-hook.php(303): popup_html('')
#5 /home/customer/www/vr-expert-rental.com/public_html/wp-includes/class-wp-hook.php(327): WP_Hook->apply_filters('', Array)
#6 /home/customer/www/vr-expert-rental.com/public_html/wp-includes/plugin.ph in /home/customer/www/vr-expert-rental.com/public_html/wp-content/themes/vr-expert/template-popup-model.php on line 217

2022-02-22T11:15:29+00:00 CRITICAL Uncaught Error: Call to a member function get_price_html() on bool in /home/customer/www/vr-expert-rental.com/public_html/wp-content/themes/vr-expert/template-popup-model.php:217
Stack trace:
#0 /home/customer/www/vr-expert-rental.com/public_html/wp-includes/template.php(772): require()
#1 /home/customer/www/vr-expert-rental.com/public_html/wp-includes/template.php(716): load_template('/home/customer/...', false, Array)
#2 /home/customer/www/vr-expert-rental.com/public_html/wp-includes/general-template.php(204): locate_template(Array, true, false, Array)
#3 /home/customer/www/vr-expert-rental.com/public_html/wp-content/themes/vr-expert/functions.php(1594): get_template_part('template', 'popup-model', Array)
#4 /home/customer/www/vr-expert-rental.com/public_html/wp-includes/class-wp-hook.php(303): popup_html('')
#5 /home/customer/www/vr-expert-rental.com/public_html/wp-includes/class-wp-hook.php(327): WP_Hook->apply_filters('', Array)
#6 /home/customer/www/vr-expert-rental.com/public_html/wp-includes/plugin.ph in /home/customer/www/vr-expert-rental.com/public_html/wp-content/themes/vr-expert/template-popup-model.php on line 217

2022-02-22T11:21:01+00:00 CRITICAL Uncaught Error: Call to a member function get_price_html() on bool in /home/customer/www/vr-expert-rental.com/public_html/wp-content/themes/vr-expert/template-popup-model.php:217
Stack trace:
#0 /home/customer/www/vr-expert-rental.com/public_html/wp-includes/template.php(772): require()
#1 /home/customer/www/vr-expert-rental.com/public_html/wp-includes/template.php(716): load_template('/home/customer/...', false, Array)
#2 /home/customer/www/vr-expert-rental.com/public_html/wp-includes/general-template.php(204): locate_template(Array, true, false, Array)
#3 /home/customer/www/vr-expert-rental.com/public_html/wp-content/themes/vr-expert/functions.php(1594): get_template_part('template', 'popup-model', Array)
#4 /home/customer/www/vr-expert-rental.com/public_html/wp-includes/class-wp-hook.php(303): popup_html('')
#5 /home/customer/www/vr-expert-rental.com/public_html/wp-includes/class-wp-hook.php(327): WP_Hook->apply_filters('', Array)
#6 /home/customer/www/vr-expert-rental.com/public_html/wp-includes/plugin.ph in /home/customer/www/vr-expert-rental.com/public_html/wp-content/themes/vr-expert/template-popup-model.php on line 217

2022-02-22T11:26:45+00:00 CRITICAL Uncaught Error: Call to a member function get_price_html() on bool in /home/customer/www/vr-expert-rental.com/public_html/wp-content/themes/vr-expert/template-popup-model.php:217
Stack trace:
#0 /home/customer/www/vr-expert-rental.com/public_html/wp-includes/template.php(772): require()
#1 /home/customer/www/vr-expert-rental.com/public_html/wp-includes/template.php(716): load_template('/home/customer/...', false, Array)
#2 /home/customer/www/vr-expert-rental.com/public_html/wp-includes/general-template.php(204): locate_template(Array, true, false, Array)
#3 /home/customer/www/vr-expert-rental.com/public_html/wp-content/themes/vr-expert/functions.php(1594): get_template_part('template', 'popup-model', Array)
#4 /home/customer/www/vr-expert-rental.com/public_html/wp-includes/class-wp-hook.php(303): popup_html('')
#5 /home/customer/www/vr-expert-rental.com/public_html/wp-includes/class-wp-hook.php(327): WP_Hook->apply_filters('', Array)
#6 /home/customer/www/vr-expert-rental.com/public_html/wp-includes/plugin.ph in /home/customer/www/vr-expert-rental.com/public_html/wp-content/themes/vr-expert/template-popup-model.php on line 217

2022-02-22T11:28:19+00:00 CRITICAL Uncaught Error: Call to a member function get_price_html() on bool in /home/customer/www/vr-expert-rental.com/public_html/wp-content/themes/vr-expert/template-popup-model.php:217
Stack trace:
#0 /home/customer/www/vr-expert-rental.com/public_html/wp-includes/template.php(772): require()
#1 /home/customer/www/vr-expert-rental.com/public_html/wp-includes/template.php(716): load_template('/home/customer/...', false, Array)
#2 /home/customer/www/vr-expert-rental.com/public_html/wp-includes/general-template.php(204): locate_template(Array, true, false, Array)
#3 /home/customer/www/vr-expert-rental.com/public_html/wp-content/themes/vr-expert/functions.php(1594): get_template_part('template', 'popup-model', Array)
#4 /home/customer/www/vr-expert-rental.com/public_html/wp-includes/class-wp-hook.php(303): popup_html('')
#5 /home/customer/www/vr-expert-rental.com/public_html/wp-includes/class-wp-hook.php(327): WP_Hook->apply_filters('', Array)
#6 /home/customer/www/vr-expert-rental.com/public_html/wp-includes/plugin.ph in /home/customer/www/vr-expert-rental.com/public_html/wp-content/themes/vr-expert/template-popup-model.php on line 217

2022-02-22T11:30:48+00:00 CRITICAL Uncaught Error: Call to a member function get_price_html() on bool in /home/customer/www/vr-expert-rental.com/public_html/wp-content/themes/vr-expert/template-popup-model.php:217
Stack trace:
#0 /home/customer/www/vr-expert-rental.com/public_html/wp-includes/template.php(772): require()
#1 /home/customer/www/vr-expert-rental.com/public_html/wp-includes/template.php(716): load_template('/home/customer/...', false, Array)
#2 /home/customer/www/vr-expert-rental.com/public_html/wp-includes/general-template.php(204): locate_template(Array, true, false, Array)
#3 /home/customer/www/vr-expert-rental.com/public_html/wp-content/themes/vr-expert/functions.php(1594): get_template_part('template', 'popup-model', Array)
#4 /home/customer/www/vr-expert-rental.com/public_html/wp-includes/class-wp-hook.php(303): popup_html('')
#5 /home/customer/www/vr-expert-rental.com/public_html/wp-includes/class-wp-hook.php(327): WP_Hook->apply_filters('', Array)
#6 /home/customer/www/vr-expert-rental.com/public_html/wp-includes/plugin.ph in /home/customer/www/vr-expert-rental.com/public_html/wp-content/themes/vr-expert/template-popup-model.php on line 217

2022-02-22T11:34:12+00:00 CRITICAL Uncaught Error: Call to a member function get_price_html() on bool in /home/customer/www/vr-expert-rental.com/public_html/wp-content/themes/vr-expert/template-popup-model.php:217
Stack trace:
#0 /home/customer/www/vr-expert-rental.com/public_html/wp-includes/template.php(772): require()
#1 /home/customer/www/vr-expert-rental.com/public_html/wp-includes/template.php(716): load_template('/home/customer/...', false, Array)
#2 /home/customer/www/vr-expert-rental.com/public_html/wp-includes/general-template.php(204): locate_template(Array, true, false, Array)
#3 /home/customer/www/vr-expert-rental.com/public_html/wp-content/themes/vr-expert/functions.php(1594): get_template_part('template', 'popup-model', Array)
#4 /home/customer/www/vr-expert-rental.com/public_html/wp-includes/class-wp-hook.php(303): popup_html('')
#5 /home/customer/www/vr-expert-rental.com/public_html/wp-includes/class-wp-hook.php(327): WP_Hook->apply_filters('', Array)
#6 /home/customer/www/vr-expert-rental.com/public_html/wp-includes/plugin.ph in /home/customer/www/vr-expert-rental.com/public_html/wp-content/themes/vr-expert/template-popup-model.php on line 217

2022-02-22T12:35:26+00:00 CRITICAL Can't use function return value in write context in /home/customer/www/vr-expert-rental.com/public_html/wp-content/themes/vr-expert/functions.php on line 2399

2022-02-22T12:35:26+00:00 CRITICAL Can't use function return value in write context in /home/customer/www/vr-expert-rental.com/public_html/wp-content/themes/vr-expert/functions.php on line 2399

2022-02-22T12:35:39+00:00 CRITICAL Can't use function return value in write context in /home/customer/www/vr-expert-rental.com/public_html/wp-content/themes/vr-expert/functions.php on line 2399

2022-02-22T12:35:39+00:00 CRITICAL Can't use function return value in write context in /home/customer/www/vr-expert-rental.com/public_html/wp-content/themes/vr-expert/functions.php on line 2399

2022-02-22T12:35:45+00:00 CRITICAL Can't use function return value in write context in /home/customer/www/vr-expert-rental.com/public_html/wp-content/themes/vr-expert/functions.php on line 2399

2022-02-22T12:35:58+00:00 CRITICAL Can't use function return value in write context in /home/customer/www/vr-expert-rental.com/public_html/wp-content/themes/vr-expert/functions.php on line 2399

2022-02-22T12:35:58+00:00 CRITICAL Can't use function return value in write context in /home/customer/www/vr-expert-rental.com/public_html/wp-content/themes/vr-expert/functions.php on line 2399

2022-02-22T12:43:48+00:00 CRITICAL syntax error, unexpected end of file in /home/customer/www/vr-expert-rental.com/public_html/wp-content/themes/vr-expert/functions.php on line 2421

2022-02-22T12:44:00+00:00 CRITICAL syntax error, unexpected end of file in /home/customer/www/vr-expert-rental.com/public_html/wp-content/themes/vr-expert/functions.php on line 2421

2022-02-22T12:44:15+00:00 CRITICAL syntax error, unexpected end of file in /home/customer/www/vr-expert-rental.com/public_html/wp-content/themes/vr-expert/functions.php on line 2421

2022-02-22T12:46:13+00:00 CRITICAL syntax error, unexpected end of file in /home/customer/www/vr-expert-rental.com/public_html/wp-content/themes/vr-expert/functions.php on line 2417

2022-02-22T12:46:27+00:00 CRITICAL syntax error, unexpected end of file in /home/customer/www/vr-expert-rental.com/public_html/wp-content/themes/vr-expert/functions.php on line 2417

2022-02-22T12:46:28+00:00 CRITICAL syntax error, unexpected end of file in /home/customer/www/vr-expert-rental.com/public_html/wp-content/themes/vr-expert/functions.php on line 2417

2022-02-22T12:46:38+00:00 CRITICAL syntax error, unexpected end of file in /home/customer/www/vr-expert-rental.com/public_html/wp-content/themes/vr-expert/functions.php on line 2417

2022-02-22T12:46:38+00:00 CRITICAL syntax error, unexpected end of file in /home/customer/www/vr-expert-rental.com/public_html/wp-content/themes/vr-expert/functions.php on line 2417

2022-02-22T12:46:43+00:00 CRITICAL syntax error, unexpected end of file in /home/customer/www/vr-expert-rental.com/public_html/wp-content/themes/vr-expert/functions.php on line 930

2022-02-22T12:46:43+00:00 CRITICAL syntax error, unexpected end of file in /home/customer/www/vr-expert-rental.com/public_html/wp-content/themes/vr-expert/functions.php on line 930

2022-02-22T12:46:43+00:00 CRITICAL syntax error, unexpected end of file in /home/customer/www/vr-expert-rental.com/public_html/wp-content/themes/vr-expert/functions.php on line 930

