2022-03-01T10:11:16+00:00 CRITICAL syntax error, unexpected 'else' (T_ELSE) in /home/customer/www/vr-expert-rental.com/public_html/wp-content/themes/vr-expert/woocommerce/single-product/add-to-cart/simple.php on line 196

2022-03-01T10:11:21+00:00 CRITICAL syntax error, unexpected 'else' (T_ELSE) in /home/customer/www/vr-expert-rental.com/public_html/wp-content/themes/vr-expert/woocommerce/single-product/add-to-cart/simple.php on line 196

2022-03-01T10:11:45+00:00 CRITICAL syntax error, unexpected 'else' (T_ELSE) in /home/customer/www/vr-expert-rental.com/public_html/wp-content/themes/vr-expert/woocommerce/single-product/add-to-cart/simple.php on line 196

2022-03-01T10:11:51+00:00 CRITICAL syntax error, unexpected 'else' (T_ELSE) in /home/customer/www/vr-expert-rental.com/public_html/wp-content/themes/vr-expert/woocommerce/single-product/add-to-cart/simple.php on line 196

2022-03-01T10:11:57+00:00 CRITICAL syntax error, unexpected 'else' (T_ELSE) in /home/customer/www/vr-expert-rental.com/public_html/wp-content/themes/vr-expert/woocommerce/single-product/add-to-cart/simple.php on line 196

2022-03-01T10:12:23+00:00 CRITICAL syntax error, unexpected 'else' (T_ELSE) in /home/customer/www/vr-expert-rental.com/public_html/wp-content/themes/vr-expert/woocommerce/single-product/add-to-cart/simple.php on line 196

2022-03-01T10:12:27+00:00 CRITICAL syntax error, unexpected 'else' (T_ELSE) in /home/customer/www/vr-expert-rental.com/public_html/wp-content/themes/vr-expert/woocommerce/single-product/add-to-cart/simple.php on line 196

2022-03-01T11:21:53+00:00 CRITICAL Uncaught Error: Call to a member function diff() on null in /home/customer/www/vr-expert-rental.com/public_html/wp-content/themes/vr-expert/functions.php:1499
Stack trace:
#0 /home/customer/www/vr-expert-rental.com/public_html/wp-includes/class-wp-hook.php(303): check_availability_on_single_product_page('')
#1 /home/customer/www/vr-expert-rental.com/public_html/wp-includes/class-wp-hook.php(327): WP_Hook->apply_filters('', Array)
#2 /home/customer/www/vr-expert-rental.com/public_html/wp-includes/plugin.php(470): WP_Hook->do_action(Array)
#3 /home/customer/www/vr-expert-rental.com/public_html/wp-admin/admin-ajax.php(187): do_action('wp_ajax_check_a...')
#4 {main}
  thrown in /home/customer/www/vr-expert-rental.com/public_html/wp-content/themes/vr-expert/functions.php on line 1499

2022-03-01T11:22:00+00:00 CRITICAL Uncaught Error: Call to a member function diff() on null in /home/customer/www/vr-expert-rental.com/public_html/wp-content/themes/vr-expert/functions.php:1499
Stack trace:
#0 /home/customer/www/vr-expert-rental.com/public_html/wp-includes/class-wp-hook.php(303): check_availability_on_single_product_page('')
#1 /home/customer/www/vr-expert-rental.com/public_html/wp-includes/class-wp-hook.php(327): WP_Hook->apply_filters('', Array)
#2 /home/customer/www/vr-expert-rental.com/public_html/wp-includes/plugin.php(470): WP_Hook->do_action(Array)
#3 /home/customer/www/vr-expert-rental.com/public_html/wp-admin/admin-ajax.php(187): do_action('wp_ajax_check_a...')
#4 {main}
  thrown in /home/customer/www/vr-expert-rental.com/public_html/wp-content/themes/vr-expert/functions.php on line 1499

2022-03-01T11:22:05+00:00 CRITICAL Uncaught Error: Call to a member function diff() on null in /home/customer/www/vr-expert-rental.com/public_html/wp-content/themes/vr-expert/functions.php:1499
Stack trace:
#0 /home/customer/www/vr-expert-rental.com/public_html/wp-includes/class-wp-hook.php(303): check_availability_on_single_product_page('')
#1 /home/customer/www/vr-expert-rental.com/public_html/wp-includes/class-wp-hook.php(327): WP_Hook->apply_filters('', Array)
#2 /home/customer/www/vr-expert-rental.com/public_html/wp-includes/plugin.php(470): WP_Hook->do_action(Array)
#3 /home/customer/www/vr-expert-rental.com/public_html/wp-admin/admin-ajax.php(187): do_action('wp_ajax_check_a...')
#4 {main}
  thrown in /home/customer/www/vr-expert-rental.com/public_html/wp-content/themes/vr-expert/functions.php on line 1499

2022-03-01T11:22:20+00:00 CRITICAL Uncaught Error: Call to a member function diff() on null in /home/customer/www/vr-expert-rental.com/public_html/wp-content/themes/vr-expert/functions.php:1499
Stack trace:
#0 /home/customer/www/vr-expert-rental.com/public_html/wp-includes/class-wp-hook.php(303): check_availability_on_single_product_page('')
#1 /home/customer/www/vr-expert-rental.com/public_html/wp-includes/class-wp-hook.php(327): WP_Hook->apply_filters('', Array)
#2 /home/customer/www/vr-expert-rental.com/public_html/wp-includes/plugin.php(470): WP_Hook->do_action(Array)
#3 /home/customer/www/vr-expert-rental.com/public_html/wp-admin/admin-ajax.php(187): do_action('wp_ajax_check_a...')
#4 {main}
  thrown in /home/customer/www/vr-expert-rental.com/public_html/wp-content/themes/vr-expert/functions.php on line 1499

2022-03-01T11:22:39+00:00 CRITICAL Uncaught Error: Call to a member function diff() on null in /home/customer/www/vr-expert-rental.com/public_html/wp-content/themes/vr-expert/functions.php:1499
Stack trace:
#0 /home/customer/www/vr-expert-rental.com/public_html/wp-includes/class-wp-hook.php(303): check_availability_on_single_product_page('')
#1 /home/customer/www/vr-expert-rental.com/public_html/wp-includes/class-wp-hook.php(327): WP_Hook->apply_filters('', Array)
#2 /home/customer/www/vr-expert-rental.com/public_html/wp-includes/plugin.php(470): WP_Hook->do_action(Array)
#3 /home/customer/www/vr-expert-rental.com/public_html/wp-admin/admin-ajax.php(187): do_action('wp_ajax_check_a...')
#4 {main}
  thrown in /home/customer/www/vr-expert-rental.com/public_html/wp-content/themes/vr-expert/functions.php on line 1499

2022-03-01T11:23:56+00:00 CRITICAL Uncaught Error: Call to a member function diff() on null in /home/customer/www/vr-expert-rental.com/public_html/wp-content/themes/vr-expert/functions.php:1499
Stack trace:
#0 /home/customer/www/vr-expert-rental.com/public_html/wp-includes/class-wp-hook.php(303): check_availability_on_single_product_page('')
#1 /home/customer/www/vr-expert-rental.com/public_html/wp-includes/class-wp-hook.php(327): WP_Hook->apply_filters('', Array)
#2 /home/customer/www/vr-expert-rental.com/public_html/wp-includes/plugin.php(470): WP_Hook->do_action(Array)
#3 /home/customer/www/vr-expert-rental.com/public_html/wp-admin/admin-ajax.php(187): do_action('wp_ajax_check_a...')
#4 {main}
  thrown in /home/customer/www/vr-expert-rental.com/public_html/wp-content/themes/vr-expert/functions.php on line 1499

2022-03-01T11:25:23+00:00 CRITICAL Uncaught Error: Call to a member function diff() on null in /home/customer/www/vr-expert-rental.com/public_html/wp-content/themes/vr-expert/functions.php:1499
Stack trace:
#0 /home/customer/www/vr-expert-rental.com/public_html/wp-includes/class-wp-hook.php(303): check_availability_on_single_product_page('')
#1 /home/customer/www/vr-expert-rental.com/public_html/wp-includes/class-wp-hook.php(327): WP_Hook->apply_filters('', Array)
#2 /home/customer/www/vr-expert-rental.com/public_html/wp-includes/plugin.php(470): WP_Hook->do_action(Array)
#3 /home/customer/www/vr-expert-rental.com/public_html/wp-admin/admin-ajax.php(187): do_action('wp_ajax_check_a...')
#4 {main}
  thrown in /home/customer/www/vr-expert-rental.com/public_html/wp-content/themes/vr-expert/functions.php on line 1499

2022-03-01T11:30:47+00:00 CRITICAL Uncaught Error: Call to a member function diff() on null in /home/customer/www/vr-expert-rental.com/public_html/wp-content/themes/vr-expert/functions.php:1499
Stack trace:
#0 /home/customer/www/vr-expert-rental.com/public_html/wp-includes/class-wp-hook.php(303): check_availability_on_single_product_page('')
#1 /home/customer/www/vr-expert-rental.com/public_html/wp-includes/class-wp-hook.php(327): WP_Hook->apply_filters('', Array)
#2 /home/customer/www/vr-expert-rental.com/public_html/wp-includes/plugin.php(470): WP_Hook->do_action(Array)
#3 /home/customer/www/vr-expert-rental.com/public_html/wp-admin/admin-ajax.php(187): do_action('wp_ajax_check_a...')
#4 {main}
  thrown in /home/customer/www/vr-expert-rental.com/public_html/wp-content/themes/vr-expert/functions.php on line 1499

2022-03-01T11:39:28+00:00 CRITICAL syntax error, unexpected end of file in /home/customer/www/vr-expert-rental.com/public_html/wp-content/themes/vr-expert/functions.php on line 930

2022-03-01T11:39:28+00:00 CRITICAL syntax error, unexpected end of file in /home/customer/www/vr-expert-rental.com/public_html/wp-content/themes/vr-expert/functions.php on line 930

2022-03-01T11:39:28+00:00 CRITICAL syntax error, unexpected end of file in /home/customer/www/vr-expert-rental.com/public_html/wp-content/themes/vr-expert/functions.php on line 930

2022-03-01T11:39:59+00:00 CRITICAL Uncaught Error: Call to a member function diff() on null in /home/customer/www/vr-expert-rental.com/public_html/wp-content/themes/vr-expert/functions.php:1499
Stack trace:
#0 /home/customer/www/vr-expert-rental.com/public_html/wp-includes/class-wp-hook.php(303): check_availability_on_single_product_page('')
#1 /home/customer/www/vr-expert-rental.com/public_html/wp-includes/class-wp-hook.php(327): WP_Hook->apply_filters('', Array)
#2 /home/customer/www/vr-expert-rental.com/public_html/wp-includes/plugin.php(470): WP_Hook->do_action(Array)
#3 /home/customer/www/vr-expert-rental.com/public_html/wp-admin/admin-ajax.php(187): do_action('wp_ajax_check_a...')
#4 {main}
  thrown in /home/customer/www/vr-expert-rental.com/public_html/wp-content/themes/vr-expert/functions.php on line 1499

2022-03-01T11:43:25+00:00 CRITICAL Uncaught Error: Call to a member function diff() on null in /home/customer/www/vr-expert-rental.com/public_html/wp-content/themes/vr-expert/functions.php:1499
Stack trace:
#0 /home/customer/www/vr-expert-rental.com/public_html/wp-includes/class-wp-hook.php(303): check_availability_on_single_product_page('')
#1 /home/customer/www/vr-expert-rental.com/public_html/wp-includes/class-wp-hook.php(327): WP_Hook->apply_filters('', Array)
#2 /home/customer/www/vr-expert-rental.com/public_html/wp-includes/plugin.php(470): WP_Hook->do_action(Array)
#3 /home/customer/www/vr-expert-rental.com/public_html/wp-admin/admin-ajax.php(187): do_action('wp_ajax_check_a...')
#4 {main}
  thrown in /home/customer/www/vr-expert-rental.com/public_html/wp-content/themes/vr-expert/functions.php on line 1499

2022-03-01T11:44:16+00:00 CRITICAL Uncaught Error: Call to a member function diff() on null in /home/customer/www/vr-expert-rental.com/public_html/wp-content/themes/vr-expert/functions.php:1499
Stack trace:
#0 /home/customer/www/vr-expert-rental.com/public_html/wp-includes/class-wp-hook.php(303): check_availability_on_single_product_page('')
#1 /home/customer/www/vr-expert-rental.com/public_html/wp-includes/class-wp-hook.php(327): WP_Hook->apply_filters('', Array)
#2 /home/customer/www/vr-expert-rental.com/public_html/wp-includes/plugin.php(470): WP_Hook->do_action(Array)
#3 /home/customer/www/vr-expert-rental.com/public_html/wp-admin/admin-ajax.php(187): do_action('wp_ajax_check_a...')
#4 {main}
  thrown in /home/customer/www/vr-expert-rental.com/public_html/wp-content/themes/vr-expert/functions.php on line 1499

2022-03-01T11:48:31+00:00 CRITICAL Uncaught Error: Call to a member function diff() on null in /home/customer/www/vr-expert-rental.com/public_html/wp-content/themes/vr-expert/functions.php:1499
Stack trace:
#0 /home/customer/www/vr-expert-rental.com/public_html/wp-includes/class-wp-hook.php(303): check_availability_on_single_product_page('')
#1 /home/customer/www/vr-expert-rental.com/public_html/wp-includes/class-wp-hook.php(327): WP_Hook->apply_filters('', Array)
#2 /home/customer/www/vr-expert-rental.com/public_html/wp-includes/plugin.php(470): WP_Hook->do_action(Array)
#3 /home/customer/www/vr-expert-rental.com/public_html/wp-admin/admin-ajax.php(187): do_action('wp_ajax_check_a...')
#4 {main}
  thrown in /home/customer/www/vr-expert-rental.com/public_html/wp-content/themes/vr-expert/functions.php on line 1499

2022-03-01T11:49:44+00:00 CRITICAL Uncaught Error: Call to a member function diff() on null in /home/customer/www/vr-expert-rental.com/public_html/wp-content/themes/vr-expert/functions.php:1499
Stack trace:
#0 /home/customer/www/vr-expert-rental.com/public_html/wp-includes/class-wp-hook.php(303): check_availability_on_single_product_page('')
#1 /home/customer/www/vr-expert-rental.com/public_html/wp-includes/class-wp-hook.php(327): WP_Hook->apply_filters('', Array)
#2 /home/customer/www/vr-expert-rental.com/public_html/wp-includes/plugin.php(470): WP_Hook->do_action(Array)
#3 /home/customer/www/vr-expert-rental.com/public_html/wp-admin/admin-ajax.php(187): do_action('wp_ajax_check_a...')
#4 {main}
  thrown in /home/customer/www/vr-expert-rental.com/public_html/wp-content/themes/vr-expert/functions.php on line 1499

2022-03-01T11:53:16+00:00 CRITICAL Uncaught Error: Call to a member function diff() on null in /home/customer/www/vr-expert-rental.com/public_html/wp-content/themes/vr-expert/functions.php:1499
Stack trace:
#0 /home/customer/www/vr-expert-rental.com/public_html/wp-includes/class-wp-hook.php(303): check_availability_on_single_product_page('')
#1 /home/customer/www/vr-expert-rental.com/public_html/wp-includes/class-wp-hook.php(327): WP_Hook->apply_filters('', Array)
#2 /home/customer/www/vr-expert-rental.com/public_html/wp-includes/plugin.php(470): WP_Hook->do_action(Array)
#3 /home/customer/www/vr-expert-rental.com/public_html/wp-admin/admin-ajax.php(187): do_action('wp_ajax_check_a...')
#4 {main}
  thrown in /home/customer/www/vr-expert-rental.com/public_html/wp-content/themes/vr-expert/functions.php on line 1499

2022-03-01T11:54:29+00:00 CRITICAL Uncaught Error: Call to a member function get_price_html() on int in /home/customer/www/vr-expert-rental.com/public_html/wp-content/themes/vr-expert/taxonomy-product_cat.php:102
Stack trace:
#0 /home/customer/www/vr-expert-rental.com/public_html/wp-includes/template-loader.php(106): include()
#1 /home/customer/www/vr-expert-rental.com/public_html/wp-blog-header.php(19): require_once('/home/customer/...')
#2 /home/customer/www/vr-expert-rental.com/public_html/index.php(17): require('/home/customer/...')
#3 {main}
  thrown in /home/customer/www/vr-expert-rental.com/public_html/wp-content/themes/vr-expert/taxonomy-product_cat.php on line 102

2022-03-01T11:54:34+00:00 CRITICAL Uncaught Error: Call to a member function get_price_html() on int in /home/customer/www/vr-expert-rental.com/public_html/wp-content/themes/vr-expert/taxonomy-product_cat.php:102
Stack trace:
#0 /home/customer/www/vr-expert-rental.com/public_html/wp-includes/template-loader.php(106): include()
#1 /home/customer/www/vr-expert-rental.com/public_html/wp-blog-header.php(19): require_once('/home/customer/...')
#2 /home/customer/www/vr-expert-rental.com/public_html/index.php(17): require('/home/customer/...')
#3 {main}
  thrown in /home/customer/www/vr-expert-rental.com/public_html/wp-content/themes/vr-expert/taxonomy-product_cat.php on line 102

2022-03-01T11:54:52+00:00 CRITICAL Uncaught Error: Call to a member function get_price_html() on int in /home/customer/www/vr-expert-rental.com/public_html/wp-content/themes/vr-expert/taxonomy-product_cat.php:102
Stack trace:
#0 /home/customer/www/vr-expert-rental.com/public_html/wp-includes/template-loader.php(106): include()
#1 /home/customer/www/vr-expert-rental.com/public_html/wp-blog-header.php(19): require_once('/home/customer/...')
#2 /home/customer/www/vr-expert-rental.com/public_html/index.php(17): require('/home/customer/...')
#3 {main}
  thrown in /home/customer/www/vr-expert-rental.com/public_html/wp-content/themes/vr-expert/taxonomy-product_cat.php on line 102

2022-03-01T11:54:59+00:00 CRITICAL Uncaught Error: Call to a member function diff() on string in /home/customer/www/vr-expert-rental.com/public_html/wp-content/themes/vr-expert/functions.php:1499
Stack trace:
#0 /home/customer/www/vr-expert-rental.com/public_html/wp-includes/class-wp-hook.php(303): check_availability_on_single_product_page('')
#1 /home/customer/www/vr-expert-rental.com/public_html/wp-includes/class-wp-hook.php(327): WP_Hook->apply_filters('', Array)
#2 /home/customer/www/vr-expert-rental.com/public_html/wp-includes/plugin.php(470): WP_Hook->do_action(Array)
#3 /home/customer/www/vr-expert-rental.com/public_html/wp-admin/admin-ajax.php(187): do_action('wp_ajax_check_a...')
#4 {main}
  thrown in /home/customer/www/vr-expert-rental.com/public_html/wp-content/themes/vr-expert/functions.php on line 1499

2022-03-01T11:55:58+00:00 CRITICAL Uncaught Error: Call to undefined method WP_Post::get_price_html() in /home/customer/www/vr-expert-rental.com/public_html/wp-content/themes/vr-expert/taxonomy-product_cat.php:83
Stack trace:
#0 /home/customer/www/vr-expert-rental.com/public_html/wp-includes/template-loader.php(106): include()
#1 /home/customer/www/vr-expert-rental.com/public_html/wp-blog-header.php(19): require_once('/home/customer/...')
#2 /home/customer/www/vr-expert-rental.com/public_html/index.php(17): require('/home/customer/...')
#3 {main}
  thrown in /home/customer/www/vr-expert-rental.com/public_html/wp-content/themes/vr-expert/taxonomy-product_cat.php on line 83

2022-03-01T11:56:03+00:00 CRITICAL Uncaught Error: Call to undefined method WP_Post::get_price_html() in /home/customer/www/vr-expert-rental.com/public_html/wp-content/themes/vr-expert/taxonomy-product_cat.php:83
Stack trace:
#0 /home/customer/www/vr-expert-rental.com/public_html/wp-includes/template-loader.php(106): include()
#1 /home/customer/www/vr-expert-rental.com/public_html/wp-blog-header.php(19): require_once('/home/customer/...')
#2 /home/customer/www/vr-expert-rental.com/public_html/index.php(17): require('/home/customer/...')
#3 {main}
  thrown in /home/customer/www/vr-expert-rental.com/public_html/wp-content/themes/vr-expert/taxonomy-product_cat.php on line 83

2022-03-01T11:56:07+00:00 CRITICAL Uncaught Error: Call to undefined method WP_Post::get_price_html() in /home/customer/www/vr-expert-rental.com/public_html/wp-content/themes/vr-expert/taxonomy-product_cat.php:83
Stack trace:
#0 /home/customer/www/vr-expert-rental.com/public_html/wp-includes/template-loader.php(106): include()
#1 /home/customer/www/vr-expert-rental.com/public_html/wp-blog-header.php(19): require_once('/home/customer/...')
#2 /home/customer/www/vr-expert-rental.com/public_html/index.php(17): require('/home/customer/...')
#3 {main}
  thrown in /home/customer/www/vr-expert-rental.com/public_html/wp-content/themes/vr-expert/taxonomy-product_cat.php on line 83

2022-03-01T12:10:54+00:00 CRITICAL Uncaught Error: Call to a member function diff() on null in /home/customer/www/vr-expert-rental.com/public_html/wp-content/themes/vr-expert/functions.php:1499
Stack trace:
#0 /home/customer/www/vr-expert-rental.com/public_html/wp-includes/class-wp-hook.php(303): check_availability_on_single_product_page('')
#1 /home/customer/www/vr-expert-rental.com/public_html/wp-includes/class-wp-hook.php(327): WP_Hook->apply_filters('', Array)
#2 /home/customer/www/vr-expert-rental.com/public_html/wp-includes/plugin.php(470): WP_Hook->do_action(Array)
#3 /home/customer/www/vr-expert-rental.com/public_html/wp-admin/admin-ajax.php(187): do_action('wp_ajax_check_a...')
#4 {main}
  thrown in /home/customer/www/vr-expert-rental.com/public_html/wp-content/themes/vr-expert/functions.php on line 1499

2022-03-01T13:50:58+00:00 CRITICAL syntax error, unexpected end of file in /home/customer/www/vr-expert-rental.com/public_html/wp-content/themes/vr-expert/template-popup-model.php on line 382

2022-03-01T13:51:33+00:00 CRITICAL syntax error, unexpected end of file in /home/customer/www/vr-expert-rental.com/public_html/wp-content/themes/vr-expert/template-popup-model.php on line 382

