2022-03-10T12:46:15+00:00 CRITICAL syntax error, unexpected '/' in /home/customer/www/vr-expert-rental.com/public_html/wp-content/themes/vr-expert/custom-functions.php on line 731

2022-03-10T12:46:15+00:00 CRITICAL syntax error, unexpected '/' in /home/customer/www/vr-expert-rental.com/public_html/wp-content/themes/vr-expert/custom-functions.php on line 731

2022-03-10T12:46:15+00:00 CRITICAL syntax error, unexpected '/' in /home/customer/www/vr-expert-rental.com/public_html/wp-content/themes/vr-expert/custom-functions.php on line 731

2022-03-10T12:46:20+00:00 CRITICAL syntax error, unexpected '/' in /home/customer/www/vr-expert-rental.com/public_html/wp-content/themes/vr-expert/custom-functions.php on line 731

2022-03-10T12:46:21+00:00 CRITICAL syntax error, unexpected '/' in /home/customer/www/vr-expert-rental.com/public_html/wp-content/themes/vr-expert/custom-functions.php on line 731

2022-03-10T12:46:21+00:00 CRITICAL syntax error, unexpected '/' in /home/customer/www/vr-expert-rental.com/public_html/wp-content/themes/vr-expert/custom-functions.php on line 731

2022-03-10T12:46:21+00:00 CRITICAL syntax error, unexpected '/' in /home/customer/www/vr-expert-rental.com/public_html/wp-content/themes/vr-expert/custom-functions.php on line 731

2022-03-10T12:46:21+00:00 CRITICAL syntax error, unexpected '/' in /home/customer/www/vr-expert-rental.com/public_html/wp-content/themes/vr-expert/custom-functions.php on line 731

2022-03-10T12:46:22+00:00 CRITICAL syntax error, unexpected '/' in /home/customer/www/vr-expert-rental.com/public_html/wp-content/themes/vr-expert/custom-functions.php on line 731

2022-03-10T12:46:26+00:00 CRITICAL syntax error, unexpected '/' in /home/customer/www/vr-expert-rental.com/public_html/wp-content/themes/vr-expert/custom-functions.php on line 731

2022-03-10T12:46:27+00:00 CRITICAL syntax error, unexpected '/' in /home/customer/www/vr-expert-rental.com/public_html/wp-content/themes/vr-expert/custom-functions.php on line 731

2022-03-10T12:46:40+00:00 CRITICAL syntax error, unexpected '/' in /home/customer/www/vr-expert-rental.com/public_html/wp-content/themes/vr-expert/custom-functions.php on line 731

2022-03-10T12:46:41+00:00 CRITICAL syntax error, unexpected '/' in /home/customer/www/vr-expert-rental.com/public_html/wp-content/themes/vr-expert/custom-functions.php on line 731

2022-03-10T12:46:42+00:00 CRITICAL syntax error, unexpected '/' in /home/customer/www/vr-expert-rental.com/public_html/wp-content/themes/vr-expert/custom-functions.php on line 731

2022-03-10T12:46:43+00:00 CRITICAL syntax error, unexpected '/' in /home/customer/www/vr-expert-rental.com/public_html/wp-content/themes/vr-expert/custom-functions.php on line 731

2022-03-10T12:46:51+00:00 CRITICAL syntax error, unexpected '/' in /home/customer/www/vr-expert-rental.com/public_html/wp-content/themes/vr-expert/custom-functions.php on line 731

2022-03-10T12:46:52+00:00 CRITICAL syntax error, unexpected '/' in /home/customer/www/vr-expert-rental.com/public_html/wp-content/themes/vr-expert/custom-functions.php on line 731

2022-03-10T12:46:53+00:00 CRITICAL syntax error, unexpected '/' in /home/customer/www/vr-expert-rental.com/public_html/wp-content/themes/vr-expert/custom-functions.php on line 731

2022-03-10T12:46:53+00:00 CRITICAL syntax error, unexpected '/' in /home/customer/www/vr-expert-rental.com/public_html/wp-content/themes/vr-expert/custom-functions.php on line 731

2022-03-10T13:12:25+00:00 CRITICAL Uncaught Error: Call to undefined function get_price_html() in /home/customer/www/vr-expert-rental.com/public_html/wp-content/themes/vr-expert/custom-functions.php:695
Stack trace:
#0 /home/customer/www/vr-expert-rental.com/public_html/wp-includes/class-wp-hook.php(303): product_fetch('')
#1 /home/customer/www/vr-expert-rental.com/public_html/wp-includes/class-wp-hook.php(327): WP_Hook->apply_filters('', Array)
#2 /home/customer/www/vr-expert-rental.com/public_html/wp-includes/plugin.php(470): WP_Hook->do_action(Array)
#3 /home/customer/www/vr-expert-rental.com/public_html/wp-admin/admin-ajax.php(187): do_action('wp_ajax_data_fe...')
#4 {main}
  thrown in /home/customer/www/vr-expert-rental.com/public_html/wp-content/themes/vr-expert/custom-functions.php on line 695

2022-03-10T13:12:25+00:00 CRITICAL Uncaught Error: Call to undefined function get_price_html() in /home/customer/www/vr-expert-rental.com/public_html/wp-content/themes/vr-expert/custom-functions.php:695
Stack trace:
#0 /home/customer/www/vr-expert-rental.com/public_html/wp-includes/class-wp-hook.php(303): product_fetch('')
#1 /home/customer/www/vr-expert-rental.com/public_html/wp-includes/class-wp-hook.php(327): WP_Hook->apply_filters('', Array)
#2 /home/customer/www/vr-expert-rental.com/public_html/wp-includes/plugin.php(470): WP_Hook->do_action(Array)
#3 /home/customer/www/vr-expert-rental.com/public_html/wp-admin/admin-ajax.php(187): do_action('wp_ajax_data_fe...')
#4 {main}
  thrown in /home/customer/www/vr-expert-rental.com/public_html/wp-content/themes/vr-expert/custom-functions.php on line 695

2022-03-10T13:12:25+00:00 CRITICAL Uncaught Error: Call to undefined function get_price_html() in /home/customer/www/vr-expert-rental.com/public_html/wp-content/themes/vr-expert/custom-functions.php:695
Stack trace:
#0 /home/customer/www/vr-expert-rental.com/public_html/wp-includes/class-wp-hook.php(303): product_fetch('')
#1 /home/customer/www/vr-expert-rental.com/public_html/wp-includes/class-wp-hook.php(327): WP_Hook->apply_filters('', Array)
#2 /home/customer/www/vr-expert-rental.com/public_html/wp-includes/plugin.php(470): WP_Hook->do_action(Array)
#3 /home/customer/www/vr-expert-rental.com/public_html/wp-admin/admin-ajax.php(187): do_action('wp_ajax_data_fe...')
#4 {main}
  thrown in /home/customer/www/vr-expert-rental.com/public_html/wp-content/themes/vr-expert/custom-functions.php on line 695

2022-03-10T13:12:37+00:00 CRITICAL Uncaught Error: Call to undefined function get_price_html() in /home/customer/www/vr-expert-rental.com/public_html/wp-content/themes/vr-expert/custom-functions.php:695
Stack trace:
#0 /home/customer/www/vr-expert-rental.com/public_html/wp-includes/class-wp-hook.php(303): product_fetch('')
#1 /home/customer/www/vr-expert-rental.com/public_html/wp-includes/class-wp-hook.php(327): WP_Hook->apply_filters('', Array)
#2 /home/customer/www/vr-expert-rental.com/public_html/wp-includes/plugin.php(470): WP_Hook->do_action(Array)
#3 /home/customer/www/vr-expert-rental.com/public_html/wp-admin/admin-ajax.php(187): do_action('wp_ajax_data_fe...')
#4 {main}
  thrown in /home/customer/www/vr-expert-rental.com/public_html/wp-content/themes/vr-expert/custom-functions.php on line 695

2022-03-10T13:12:37+00:00 CRITICAL Uncaught Error: Call to undefined function get_price_html() in /home/customer/www/vr-expert-rental.com/public_html/wp-content/themes/vr-expert/custom-functions.php:695
Stack trace:
#0 /home/customer/www/vr-expert-rental.com/public_html/wp-includes/class-wp-hook.php(303): product_fetch('')
#1 /home/customer/www/vr-expert-rental.com/public_html/wp-includes/class-wp-hook.php(327): WP_Hook->apply_filters('', Array)
#2 /home/customer/www/vr-expert-rental.com/public_html/wp-includes/plugin.php(470): WP_Hook->do_action(Array)
#3 /home/customer/www/vr-expert-rental.com/public_html/wp-admin/admin-ajax.php(187): do_action('wp_ajax_data_fe...')
#4 {main}
  thrown in /home/customer/www/vr-expert-rental.com/public_html/wp-content/themes/vr-expert/custom-functions.php on line 695

2022-03-10T13:12:37+00:00 CRITICAL Uncaught Error: Call to undefined function get_price_html() in /home/customer/www/vr-expert-rental.com/public_html/wp-content/themes/vr-expert/custom-functions.php:695
Stack trace:
#0 /home/customer/www/vr-expert-rental.com/public_html/wp-includes/class-wp-hook.php(303): product_fetch('')
#1 /home/customer/www/vr-expert-rental.com/public_html/wp-includes/class-wp-hook.php(327): WP_Hook->apply_filters('', Array)
#2 /home/customer/www/vr-expert-rental.com/public_html/wp-includes/plugin.php(470): WP_Hook->do_action(Array)
#3 /home/customer/www/vr-expert-rental.com/public_html/wp-admin/admin-ajax.php(187): do_action('wp_ajax_data_fe...')
#4 {main}
  thrown in /home/customer/www/vr-expert-rental.com/public_html/wp-content/themes/vr-expert/custom-functions.php on line 695

2022-03-10T13:12:41+00:00 CRITICAL Uncaught Error: Call to undefined function get_price_html() in /home/customer/www/vr-expert-rental.com/public_html/wp-content/themes/vr-expert/custom-functions.php:695
Stack trace:
#0 /home/customer/www/vr-expert-rental.com/public_html/wp-includes/class-wp-hook.php(303): product_fetch('')
#1 /home/customer/www/vr-expert-rental.com/public_html/wp-includes/class-wp-hook.php(327): WP_Hook->apply_filters('', Array)
#2 /home/customer/www/vr-expert-rental.com/public_html/wp-includes/plugin.php(470): WP_Hook->do_action(Array)
#3 /home/customer/www/vr-expert-rental.com/public_html/wp-admin/admin-ajax.php(187): do_action('wp_ajax_data_fe...')
#4 {main}
  thrown in /home/customer/www/vr-expert-rental.com/public_html/wp-content/themes/vr-expert/custom-functions.php on line 695

2022-03-10T13:12:41+00:00 CRITICAL Uncaught Error: Call to undefined function get_price_html() in /home/customer/www/vr-expert-rental.com/public_html/wp-content/themes/vr-expert/custom-functions.php:695
Stack trace:
#0 /home/customer/www/vr-expert-rental.com/public_html/wp-includes/class-wp-hook.php(303): product_fetch('')
#1 /home/customer/www/vr-expert-rental.com/public_html/wp-includes/class-wp-hook.php(327): WP_Hook->apply_filters('', Array)
#2 /home/customer/www/vr-expert-rental.com/public_html/wp-includes/plugin.php(470): WP_Hook->do_action(Array)
#3 /home/customer/www/vr-expert-rental.com/public_html/wp-admin/admin-ajax.php(187): do_action('wp_ajax_data_fe...')
#4 {main}
  thrown in /home/customer/www/vr-expert-rental.com/public_html/wp-content/themes/vr-expert/custom-functions.php on line 695

2022-03-10T13:12:41+00:00 CRITICAL Uncaught Error: Call to undefined function get_price_html() in /home/customer/www/vr-expert-rental.com/public_html/wp-content/themes/vr-expert/custom-functions.php:695
Stack trace:
#0 /home/customer/www/vr-expert-rental.com/public_html/wp-includes/class-wp-hook.php(303): product_fetch('')
#1 /home/customer/www/vr-expert-rental.com/public_html/wp-includes/class-wp-hook.php(327): WP_Hook->apply_filters('', Array)
#2 /home/customer/www/vr-expert-rental.com/public_html/wp-includes/plugin.php(470): WP_Hook->do_action(Array)
#3 /home/customer/www/vr-expert-rental.com/public_html/wp-admin/admin-ajax.php(187): do_action('wp_ajax_data_fe...')
#4 {main}
  thrown in /home/customer/www/vr-expert-rental.com/public_html/wp-content/themes/vr-expert/custom-functions.php on line 695

2022-03-10T13:12:49+00:00 CRITICAL Uncaught Error: Call to undefined function get_price_html() in /home/customer/www/vr-expert-rental.com/public_html/wp-content/themes/vr-expert/custom-functions.php:695
Stack trace:
#0 /home/customer/www/vr-expert-rental.com/public_html/wp-includes/class-wp-hook.php(303): product_fetch('')
#1 /home/customer/www/vr-expert-rental.com/public_html/wp-includes/class-wp-hook.php(327): WP_Hook->apply_filters('', Array)
#2 /home/customer/www/vr-expert-rental.com/public_html/wp-includes/plugin.php(470): WP_Hook->do_action(Array)
#3 /home/customer/www/vr-expert-rental.com/public_html/wp-admin/admin-ajax.php(187): do_action('wp_ajax_data_fe...')
#4 {main}
  thrown in /home/customer/www/vr-expert-rental.com/public_html/wp-content/themes/vr-expert/custom-functions.php on line 695

2022-03-10T13:12:49+00:00 CRITICAL Uncaught Error: Call to undefined function get_price_html() in /home/customer/www/vr-expert-rental.com/public_html/wp-content/themes/vr-expert/custom-functions.php:695
Stack trace:
#0 /home/customer/www/vr-expert-rental.com/public_html/wp-includes/class-wp-hook.php(303): product_fetch('')
#1 /home/customer/www/vr-expert-rental.com/public_html/wp-includes/class-wp-hook.php(327): WP_Hook->apply_filters('', Array)
#2 /home/customer/www/vr-expert-rental.com/public_html/wp-includes/plugin.php(470): WP_Hook->do_action(Array)
#3 /home/customer/www/vr-expert-rental.com/public_html/wp-admin/admin-ajax.php(187): do_action('wp_ajax_data_fe...')
#4 {main}
  thrown in /home/customer/www/vr-expert-rental.com/public_html/wp-content/themes/vr-expert/custom-functions.php on line 695

2022-03-10T13:12:49+00:00 CRITICAL Uncaught Error: Call to undefined function get_price_html() in /home/customer/www/vr-expert-rental.com/public_html/wp-content/themes/vr-expert/custom-functions.php:695
Stack trace:
#0 /home/customer/www/vr-expert-rental.com/public_html/wp-includes/class-wp-hook.php(303): product_fetch('')
#1 /home/customer/www/vr-expert-rental.com/public_html/wp-includes/class-wp-hook.php(327): WP_Hook->apply_filters('', Array)
#2 /home/customer/www/vr-expert-rental.com/public_html/wp-includes/plugin.php(470): WP_Hook->do_action(Array)
#3 /home/customer/www/vr-expert-rental.com/public_html/wp-admin/admin-ajax.php(187): do_action('wp_ajax_data_fe...')
#4 {main}
  thrown in /home/customer/www/vr-expert-rental.com/public_html/wp-content/themes/vr-expert/custom-functions.php on line 695

